 
*** VICE Version 3.1 ***
OS compiled for: Linux glibc 2.26
GUI compiled for: GTK+
CPU compiled for: AMD64/x86_64
Compiler used: GCC-7.2.0
Current OS: Linux 5.4.0-48-generic (glibc 2.27)
Current CPU: Intel(R) Core(TM) i5-8250U CPU @ 1.60GHz
 
Welcome to x64, the free portable C64 Emulator.
 
Current VICE team members:
Martin Pottendorfer, Marco van den Heuvel, Fabrizio Gennari, Groepaz, 
Olaf Seibert, Marcus Sutton, Kajtar Zsolt, AreaScout, Bas Wassink.
 
This is free software with ABSOLUTELY NO WARRANTY.
See the "About VICE" command for more info.
 
X11: GTK version compiled with: 2.24 (xf86 ext:yes cairo:yes pango:yes VTE:no hwscale:yes fullscreen:yes ui-threads:no)
XRandR: XRandR reports current display: 1920x1080@60
Loading system file `/usr/lib/vice/C64/kernal'.
Loading system file `/usr/lib/vice/C64/basic'.
Loading system file `/usr/lib/vice/C64/chargen'.
Loading system file `/usr/lib/vice/PRINTER/mps803'.
Palette: Loading palette `/usr/lib/vice/PRINTER/mps803.vpl'.
Loading system file `/usr/lib/vice/PRINTER/nl10-cbm'.
Palette: Loading palette `/usr/lib/vice/PRINTER/nl10.vpl'.
NL10: Printer driver initialized.
Palette: Loading palette `/usr/lib/vice/PRINTER/1520.vpl'.
Loading system file `/usr/lib/vice/DRIVES/dos1540'.
Loading system file `/usr/lib/vice/DRIVES/dos1541'.
Loading system file `/usr/lib/vice/DRIVES/d1541II'.
Loading system file `/usr/lib/vice/DRIVES/dos1570'.
Loading system file `/usr/lib/vice/DRIVES/dos1571'.
Loading system file `/usr/lib/vice/DRIVES/dos1581'.
DriveROM: Error - 2000 ROM image not found. Hardware-level 2000 emulation is not available.
DriveROM: Error - 4000 ROM image not found. Hardware-level 4000 emulation is not available.
Loading system file `/usr/lib/vice/DRIVES/dos2031'.
Loading system file `/usr/lib/vice/DRIVES/dos2040'.
Loading system file `/usr/lib/vice/DRIVES/dos3040'.
Loading system file `/usr/lib/vice/DRIVES/dos4040'.
Loading system file `/usr/lib/vice/DRIVES/dos1001'.
Drive: Finished loading ROM images.
opening dynamic library libmp3lame.so failed!
ERROR setting up dynamic lame lib!
Sound: Available sound devices: pulse alsa uss dummy fs dump wav voc iff aiff mp3 soundmovie
Detecting PCI CatWeasel boards.
No PCI CatWeasel found.
Detecting direct I/O ISA SSI2001.
Could not open '/dev/port'.
Cannot get permission to access $280.
Joystick: Linux joystick interface initialization...
Joystick: Warning - Cannot open joystick device `/dev/input/js0'.
Joystick: Warning - Cannot open joystick device `/dev/input/js1'.
Joystick: Warning - Cannot open joystick device `/dev/input/js2'.
Joystick: Warning - Cannot open joystick device `/dev/input/js3'.
Joystick: Warning - Cannot open joystick device `/dev/input/js4'.
Joystick: Warning - Cannot open joystick device `/dev/input/js5'.
Keyboard: Loading keymap `/usr/lib/vice/C64/x11_sym_de.vkm'.
Main CPU: starting at ($FFFC).
Main CPU: RESET.
Sound: Opened device `pulse', speed 44100Hz, fragment size 1,5ms, buffer size 100ms
reSID: MOS8580, filter on, sampling rate 44100Hz - resampling, pass to 19845Hz
Drive 8: RESET.
Writing configuration file `/home/nolti/.vice/vicerc'.

Exiting...
Sound: Closing device `pulse'
