 
*** VICE Version 3.1 ***
OS compiled for: Linux glibc 2.26
GUI compiled for: GTK+
CPU compiled for: AMD64/x86_64
Compiler used: GCC-7.2.0
Current OS: Linux 5.4.0-66-generic (glibc 2.27)
Current CPU: Intel(R) Core(TM) i5-8250U CPU @ 1.60GHz
 
Welcome to x64, the free portable C64 Emulator.
 
Current VICE team members:
Martin Pottendorfer, Marco van den Heuvel, Fabrizio Gennari, Groepaz, 
Olaf Seibert, Marcus Sutton, Kajtar Zsolt, AreaScout, Bas Wassink.
 
This is free software with ABSOLUTELY NO WARRANTY.
See the "About VICE" command for more info.
 
X11: GTK version compiled with: 2.24 (xf86 ext:yes cairo:yes pango:yes VTE:no hwscale:yes fullscreen:yes ui-threads:no)
XRandR: XRandR reports current display: 1920x1080@60
Loading system file `/usr/lib/vice/C64/kernal'.
Loading system file `/usr/lib/vice/C64/basic'.
Loading system file `/usr/lib/vice/C64/chargen'.
Loading system file `/usr/lib/vice/PRINTER/mps803'.
Palette: Loading palette `/usr/lib/vice/PRINTER/mps803.vpl'.
Loading system file `/usr/lib/vice/PRINTER/nl10-cbm'.
Palette: Loading palette `/usr/lib/vice/PRINTER/nl10.vpl'.
NL10: Printer driver initialized.
Palette: Loading palette `/usr/lib/vice/PRINTER/1520.vpl'.
Loading system file `/usr/lib/vice/DRIVES/dos1540'.
Loading system file `/usr/lib/vice/DRIVES/dos1541'.
Loading system file `/usr/lib/vice/DRIVES/d1541II'.
Loading system file `/usr/lib/vice/DRIVES/dos1570'.
Loading system file `/usr/lib/vice/DRIVES/dos1571'.
Loading system file `/usr/lib/vice/DRIVES/dos1581'.
DriveROM: Error - 2000 ROM image not found. Hardware-level 2000 emulation is not available.
DriveROM: Error - 4000 ROM image not found. Hardware-level 4000 emulation is not available.
Loading system file `/usr/lib/vice/DRIVES/dos2031'.
Loading system file `/usr/lib/vice/DRIVES/dos2040'.
Loading system file `/usr/lib/vice/DRIVES/dos3040'.
Loading system file `/usr/lib/vice/DRIVES/dos4040'.
Loading system file `/usr/lib/vice/DRIVES/dos1001'.
Drive: Finished loading ROM images.
opening dynamic library libmp3lame.so failed!
ERROR setting up dynamic lame lib!
Sound: Available sound devices: pulse alsa uss dummy fs dump wav voc iff aiff mp3 soundmovie
Detecting PCI CatWeasel boards.
No PCI CatWeasel found.
Detecting direct I/O ISA SSI2001.
Could not open '/dev/port'.
Cannot get permission to access $280.
Joystick: Linux joystick interface initialization...
Joystick: Warning - Cannot open joystick device `/dev/input/js0'.
Joystick: Warning - Cannot open joystick device `/dev/input/js1'.
Joystick: Warning - Cannot open joystick device `/dev/input/js2'.
Joystick: Warning - Cannot open joystick device `/dev/input/js3'.
Joystick: Warning - Cannot open joystick device `/dev/input/js4'.
Joystick: Warning - Cannot open joystick device `/dev/input/js5'.
Keyboard: Loading keymap `/usr/lib/vice/C64/x11_sym_de.vkm'.
AUTOSTART: Autodetecting image type of `vardump.prg'.
Filesystem Image Probe: Error - Import GCR: Unknown GCR image version 132.
Filesystem Image: Unknown disk image `vardump.prg'.
Tape: Error - Cannot open file `vardump.prg'
Error - CRT header invalid.
CART: '/home/nolti/github/cbmprogs/Vardump/bin/vardump.prg' is not a valid CRT file.
AUTOSTART: Loading PRG file `vardump.prg' with autostart disk image.
AUTOSTART: Turning true drive emulation off.
AUTOSTART: Turning true drive emulation on.
AUTOSTART: Resetting the machine to autostart '*'
Drive 8: RESET.
Sound: Opened device `pulse', speed 44100Hz, fragment size 1,5ms, buffer size 100ms
reSID: MOS8580, filter on, sampling rate 44100Hz - resampling, pass to 19845Hz
AUTOSTART: Turning Warp mode on
AUTOSTART: `vardump.prg' recognized as program/p00 file.
Main CPU: starting at ($FFFC).
Main CPU: RESET.
Drive 8: RESET.
AUTOSTART: Loading program '*'
AUTOSTART: Searching for ...
AUTOSTART: Loading
AUTOSTART: Entered ROM at $ee5a
AUTOSTART: Ready
AUTOSTART: Turning Warp mode off
AUTOSTART: Starting program.
AUTOSTART: Done.
Error - console_open: stdin is not a tty.
Error - monitor_open: could not open monitor console.
Error - console_open: stdin is not a tty.
Error - monitor_open: could not open monitor console.
Error - console_open: stdin is not a tty.
Error - monitor_open: could not open monitor console.
Error - console_open: stdin is not a tty.
Error - monitor_open: could not open monitor console.
Error - console_open: stdin is not a tty.
Error - monitor_open: could not open monitor console.
Error - console_open: stdin is not a tty.
Error - monitor_open: could not open monitor console.
Error - console_open: stdin is not a tty.
Error - monitor_open: could not open monitor console.
Error - console_open: stdin is not a tty.
Error - monitor_open: could not open monitor console.
Writing configuration file `/home/nolti/.vice/vicerc'.

Exiting...
Sound: Closing device `pulse'
